<?xml version="1.0" encoding="UTF-8"?>
<!-- Generated by org.testng.reporters.JUnitXMLReporter -->
<testsuite ignored="0" hostname="Ankush" failures="0" tests="7" name="FirefoxTest" time="55.145" errors="0" timestamp="2023-06-17T11:00:37 IST">
  <testcase classname="com.SauceDemoTest.SouceDemoBaseClass" name="@BeforeTest Setup" time="0.009">
    <failure type="java.lang.NoSuchMethodError" message="&amp;apos;java.io.OutputStream org.openqa.selenium.edge.EdgeDriverService$Builder.getLogOutput(java.lang.String)&amp;apos;">
      <![CDATA[java.lang.NoSuchMethodError: 'java.io.OutputStream org.openqa.selenium.edge.EdgeDriverService$Builder.getLogOutput(java.lang.String)'
at org.openqa.selenium.edge.EdgeDriverService$Builder.createDriverService(EdgeDriverService.java:352)
at org.openqa.selenium.edge.EdgeDriverService$Builder.createDriverService(EdgeDriverService.java:147)
at org.openqa.selenium.remote.service.DriverService$Builder.build(DriverService.java:450)
at org.openqa.selenium.edge.EdgeDriver.<init>(EdgeDriver.java:47)
at org.openqa.selenium.edge.EdgeDriver.<init>(EdgeDriver.java:43)
at com.SauceDemoTest.SouceDemoBaseClass.Setup(SouceDemoBaseClass.java:46)
at java.base/java.util.concurrent.FutureTask.run(FutureTask.java:264)
at java.base/java.util.concurrent.ThreadPoolExecutor.runWorker(ThreadPoolExecutor.java:1136)
at java.base/java.util.concurrent.ThreadPoolExecutor$Worker.run(ThreadPoolExecutor.java:635)
at java.base/java.lang.Thread.run(Thread.java:833)
... Removed 15 stack frames]]>
    </failure>
  </testcase> <!-- @BeforeTest Setup -->
  <testcase classname="com.SauceDemoTest.SouceDemoBaseClass" name="@AfterTest TearDown" time="-1.686979782964E9">
    <skipped/>
  </testcase> <!-- @AfterTest TearDown -->
  <testcase classname="com.SauceDemoTest.SauceDemoTestCases" name="LoginTest" time="7.582"/>
  <testcase classname="com.SauceDemoTest.SauceDemoTestCases" name="FilterItemsTest" time="4.433"/>
  <testcase classname="com.SauceDemoTest.SauceDemoTestCases" name="AddToCartTest" time="4.271"/>
  <testcase classname="com.SauceDemoTest.SauceDemoTestCases" name="SoppingCartTest" time="2.267"/>
  <testcase classname="com.SauceDemoTest.SauceDemoTestCases" name="ItemCheckoutTest" time="2.268"/>
  <testcase classname="com.SauceDemoTest.SauceDemoTestCases" name="FillYourInfoTest" time="10.448"/>
  <testcase classname="com.SauceDemoTest.SauceDemoTestCases" name="LogoutTest" time="8.527"/>
</testsuite> <!-- FirefoxTest -->
