<?xml version="1.0" encoding="UTF-8"?>
<!-- Generated by org.testng.reporters.JUnitXMLReporter -->
<testsuite ignored="5" hostname="Ankush" failures="1" tests="1" name="CrossbrowserTest(failed)" time="9.813" errors="0" timestamp="2023-06-18T11:53:12 IST">
  <testcase classname="com.SauceDemoTest.SauceDemoTestCases" name="VerifyShoppingCartWithItem" time="3.009">
    <failure type="org.testng.internal.thread.ThreadTimeoutException" message="Method com.SauceDemoTest.SauceDemoTestCases.VerifyShoppingCartWithItem() didn&amp;apos;t finish within the time-out 3000">
      <![CDATA[org.testng.internal.thread.ThreadTimeoutException: Method com.SauceDemoTest.SauceDemoTestCases.VerifyShoppingCartWithItem() didn't finish within the time-out 3000
at java.base/java.util.ArrayList.forEach(ArrayList.java:1511)
... Removed 24 stack frames]]>
    </failure>
  </testcase> <!-- VerifyShoppingCartWithItem -->
  <testcase classname="com.SauceDemoTest.SauceDemoTestCases" name="VerifyAddToCartTest" time="0.0">
    <ignored/>
  </testcase> <!-- VerifyAddToCartTest -->
  <testcase classname="com.SauceDemoTest.SauceDemoTestCases" name="LoginWithInValidCridential" time="0.0">
    <ignored/>
  </testcase> <!-- LoginWithInValidCridential -->
  <testcase classname="com.SauceDemoTest.SauceDemoTestCases" name="VerifyShoppingCartWithEmptyItem" time="0.0">
    <ignored/>
  </testcase> <!-- VerifyShoppingCartWithEmptyItem -->
  <testcase classname="com.SauceDemoTest.SauceDemoTestCases" name="LoginWithValidCridential" time="0.0">
    <ignored/>
  </testcase> <!-- LoginWithValidCridential -->
  <testcase classname="com.SauceDemoTest.SauceDemoTestCases" name="VerifyFiltersDropDownByName" time="0.0">
    <ignored/>
  </testcase> <!-- VerifyFiltersDropDownByName -->
</testsuite> <!-- CrossbrowserTest(failed) -->
