<?xml version="1.0" encoding="UTF-8"?>
<!-- Generated by org.testng.reporters.JUnitXMLReporter -->
<testsuite ignored="0" hostname="Ankush" failures="0" tests="0" time="0.117" errors="0" timestamp="2023-06-17T09:56:20 IST">
  <testcase classname="com.SauceDemoTest.SouceDemoBaseClass" name="@BeforeTest Setup" time="0.093">
    <failure type="java.lang.NoSuchMethodError" message="&amp;apos;java.io.OutputStream org.openqa.selenium.chrome.ChromeDriverService$Builder.getLogOutput(java.lang.String)&amp;apos;">
      <![CDATA[java.lang.NoSuchMethodError: 'java.io.OutputStream org.openqa.selenium.chrome.ChromeDriverService$Builder.getLogOutput(java.lang.String)'
at org.openqa.selenium.chrome.ChromeDriverService$Builder.createDriverService(ChromeDriverService.java:417)
at org.openqa.selenium.chrome.ChromeDriverService$Builder.createDriverService(ChromeDriverService.java:197)
at org.openqa.selenium.remote.service.DriverService$Builder.build(DriverService.java:450)
at org.openqa.selenium.chrome.ChromeDriverService.createDefaultService(ChromeDriverService.java:166)
at org.openqa.selenium.chrome.ChromeDriver.<init>(ChromeDriver.java:50)
at com.SauceDemoTest.SouceDemoBaseClass.Setup(SouceDemoBaseClass.java:45)
at java.base/java.util.concurrent.FutureTask.run(FutureTask.java:264)
at java.base/java.util.concurrent.ThreadPoolExecutor.runWorker(ThreadPoolExecutor.java:1136)
at java.base/java.util.concurrent.ThreadPoolExecutor$Worker.run(ThreadPoolExecutor.java:635)
at java.base/java.lang.Thread.run(Thread.java:833)
... Removed 15 stack frames]]>
    </failure>
  </testcase> <!-- @BeforeTest Setup -->
  <testcase classname="com.SauceDemoTest.SouceDemoBaseClass" name="@AfterTest TearDown" time="-1.686975980764E9">
    <skipped/>
  </testcase> <!-- @AfterTest TearDown -->
</testsuite>
