<?xml version="1.0" encoding="UTF-8"?>
<!-- Generated by org.testng.reporters.JUnitXMLReporter -->
<testsuite ignored="0" hostname="Ankush" failures="0" tests="7" name="EdgeTest" time="0.087" errors="0" timestamp="2023-06-17T11:30:09 IST">
  <testcase classname="com.SauceDemoTest.SauceDemoTestCases" name="@BeforeTest Setup" time="0.031">
    <failure type="java.lang.NoSuchMethodError" message="&amp;apos;java.io.OutputStream org.openqa.selenium.edge.EdgeDriverService$Builder.getLogOutput(java.lang.String)&amp;apos;">
      <![CDATA[java.lang.NoSuchMethodError: 'java.io.OutputStream org.openqa.selenium.edge.EdgeDriverService$Builder.getLogOutput(java.lang.String)'
at org.openqa.selenium.edge.EdgeDriverService$Builder.createDriverService(EdgeDriverService.java:352)
at org.openqa.selenium.edge.EdgeDriverService$Builder.createDriverService(EdgeDriverService.java:147)
at org.openqa.selenium.remote.service.DriverService$Builder.build(DriverService.java:450)
at org.openqa.selenium.edge.EdgeDriver.<init>(EdgeDriver.java:47)
at org.openqa.selenium.edge.EdgeDriver.<init>(EdgeDriver.java:43)
at com.SauceDemoTest.SauceDemoTestCases.Setup(SauceDemoTestCases.java:55)
... Removed 24 stack frames]]>
    </failure>
  </testcase> <!-- @BeforeTest Setup -->
  <testcase classname="com.SauceDemoTest.SauceDemoTestCases" name="@AfterTest TearDown" time="-1.68698160915E9">
    <skipped/>
  </testcase> <!-- @AfterTest TearDown -->
  <testcase classname="com.SauceDemoTest.SauceDemoTestCases" name="LoginTest" time="0.0">
    <skipped/>
  </testcase> <!-- LoginTest -->
  <testcase classname="com.SauceDemoTest.SauceDemoTestCases" name="FilterItemsTest" time="0.0">
    <skipped/>
  </testcase> <!-- FilterItemsTest -->
  <testcase classname="com.SauceDemoTest.SauceDemoTestCases" name="FillYourInfoTest" time="0.0">
    <skipped/>
  </testcase> <!-- FillYourInfoTest -->
  <testcase classname="com.SauceDemoTest.SauceDemoTestCases" name="LogoutTest" time="0.0">
    <skipped/>
  </testcase> <!-- LogoutTest -->
  <testcase classname="com.SauceDemoTest.SauceDemoTestCases" name="SoppingCartTest" time="0.0">
    <skipped/>
  </testcase> <!-- SoppingCartTest -->
  <testcase classname="com.SauceDemoTest.SauceDemoTestCases" name="AddToCartTest" time="0.0">
    <skipped/>
  </testcase> <!-- AddToCartTest -->
  <testcase classname="com.SauceDemoTest.SauceDemoTestCases" name="ItemCheckoutTest" time="0.0">
    <skipped/>
  </testcase> <!-- ItemCheckoutTest -->
</testsuite> <!-- EdgeTest -->
