<?xml version="1.0" encoding="UTF-8"?>
<!-- Generated by org.testng.reporters.JUnitXMLReporter -->
<testsuite ignored="0" hostname="Ankush" failures="0" tests="10" name="SouceDemoTest" time="66.354" errors="0" timestamp="2023-06-19T00:09:41 IST">
  <testcase classname="com.SauceDemoTest.SauceDemoTestCases" name="LoginWithInValidCridential" time="6.275"/>
  <testcase classname="com.SauceDemoTest.SauceDemoTestCases" name="LoginWithValidCridential" time="5.83"/>
  <testcase classname="com.SauceDemoTest.SauceDemoTestCases" name="VerifyFiltersDropDown" time="2.64"/>
  <testcase classname="com.SauceDemoTest.SauceDemoTestCases" name="VerifyAddToCartTest" time="2.274"/>
  <testcase classname="com.SauceDemoTest.SauceDemoTestCases" name="VerifyShoppingCartWithEmptyItem" time="9.703"/>
  <testcase classname="com.SauceDemoTest.SauceDemoTestCases" name="VerifyShoppingCartWithItem" time="7.403"/>
  <testcase classname="com.SauceDemoTest.SauceDemoTestCases" name="VerifyCheckoutInfoWithInValidData" time="1.316"/>
  <testcase classname="com.SauceDemoTest.SauceDemoTestCases" name="VerifyCheckoutInfoWithValidData" time="3.826"/>
  <testcase classname="com.SauceDemoTest.SauceDemoTestCases" name="LogoutTest" time="2.509"/>
  <testcase classname="com.SauceDemoTest.SauceDemoTestCases" name="LoginWithEmptyCridential" time="3.314"/>
</testsuite> <!-- SouceDemoTest -->
