<?xml version="1.0" encoding="UTF-8"?>
<!-- Generated by org.testng.reporters.JUnitXMLReporter -->
<testsuite ignored="0" hostname="Ankush" failures="0" tests="10" name="CrossbrowserTest" time="47.97" errors="0" timestamp="2023-06-19T00:07:41 IST">
  <testcase classname="com.SauceDemoTest.SauceDemoTestCases" name="LoginWithInValidCridential" time="5.446"/>
  <testcase classname="com.SauceDemoTest.SauceDemoTestCases" name="LoginWithValidCridential" time="5.344"/>
  <testcase classname="com.SauceDemoTest.SauceDemoTestCases" name="VerifyFiltersDropDown" time="2.234"/>
  <testcase classname="com.SauceDemoTest.SauceDemoTestCases" name="VerifyAddToCartTest" time="2.171"/>
  <testcase classname="com.SauceDemoTest.SauceDemoTestCases" name="VerifyShoppingCartWithEmptyItem" time="8.79"/>
  <testcase classname="com.SauceDemoTest.SauceDemoTestCases" name="VerifyShoppingCartWithItem" time="6.513"/>
  <testcase classname="com.SauceDemoTest.SauceDemoTestCases" name="VerifyCheckoutInfoWithInValidData" time="1.215"/>
  <testcase classname="com.SauceDemoTest.SauceDemoTestCases" name="VerifyCheckoutInfoWithValidData" time="3.369"/>
  <testcase classname="com.SauceDemoTest.SauceDemoTestCases" name="LogoutTest" time="2.135"/>
  <testcase classname="com.SauceDemoTest.SauceDemoTestCases" name="LoginWithEmptyCridential" time="3.174"/>
</testsuite> <!-- CrossbrowserTest -->
